Arguments: 
  /Users/seanlee/.nvm/versions/node/v6.9.1/bin/node /Users/seanlee/.nvm/versions/node/v6.9.1/bin/yarn install

PATH: 
  /Library/Frameworks/Python.framework/Versions/2.7/bin:/Users/seanlee/.nvm/versions/node/v6.9.1/bin:/usr/local/bin:/usr/bin:/bin:/usr/sbin:/sbin

Yarn version: 
  1.3.2

Node version: 
  6.9.1

Platform: 
  darwin x64

npm manifest: 
  {
    "name": "angular-d3-graph-example",
    "version": "0.0.1",
    "license": "MIT",
    "angular-cli": {},
    "scripts": {
      "ng": "ng",
      "start": "ng serve",
      "lint": "ng lint"
    },
    "private": true,
    "dependencies": {
      "@angular/common": "^5.0.1",
      "@angular/compiler": "^5.0.1",
      "@angular/core": "^5.0.1",
      "@angular/forms": "^5.0.1",
      "@angular/http": "^5.0.1",
      "@angular/platform-browser": "^5.0.1",
      "@angular/platform-browser-dynamic": "^5.0.1",
      "@angular/router": "^5.0.1",
      "core-js": "^2.4.1",
      "d3": "^4.11.0",
      "rxjs": "^5.5.2",
      "ts-helpers": "^1.1.2",
      "zone.js": "^0.8.14"
    },
    "devDependencies": {
      "@angular/cli": "1.5.0",
      "@angular/compiler-cli": "^5.0.1",
      "@types/d3": "^4.4.1",
      "@types/node": "^6.0.60",
      "codelyzer": "~4.0.0",
      "ts-node": "~3.2.0",
      "tslint": "^5.7.0",
      "typescript": "2.4.2"
    }
  }

yarn manifest: 
  No manifest

Lockfile: 
  No lockfile

Trace: 
  Error: http://registry.npmjs.org/@angular%2fcli: ESOCKETTIMEDOUT
      at ClientRequest.<anonymous> (/Users/seanlee/.nvm/versions/node/v6.9.1/lib/node_modules/yarn/lib/cli.js:123716:19)
      at ClientRequest.g (events.js:291:16)
      at emitNone (events.js:86:13)
      at ClientRequest.emit (events.js:185:7)
      at Socket.emitTimeout (_http_client.js:620:10)
      at Socket.g (events.js:291:16)
      at emitNone (events.js:86:13)
      at Socket.emit (events.js:185:7)
      at Socket._onTimeout (net.js:339:8)
      at ontimeout (timers.js:365:14)
